Mar 18, 2025 8:55:17 PM liquibase.changelog
INFO: Reading resource: db/changelog/migrations/db.changelog-202503181719.sql
Mar 18, 2025 8:55:17 PM liquibase.changelog
INFO: Reading resource: db/changelog/migrations/db.changelog-202503181803.sql
Mar 18, 2025 8:55:17 PM liquibase.changelog
INFO: Reading resource: db/changelog/migrations/db.changelog-202503181808.sql
Mar 18, 2025 8:55:17 PM liquibase.changelog
INFO: Reading resource: db/changelog/migrations/db.changelog-202503181811.sql
Mar 18, 2025 8:55:17 PM liquibase.changelog
INFO: Reading from petshop.DATABASECHANGELOG
Mar 18, 2025 8:55:17 PM liquibase.lockservice
INFO: Successfully acquired change log lock
Mar 18, 2025 8:55:17 PM liquibase.command
INFO: Using deploymentId: 2342117722
Mar 18, 2025 8:55:17 PM liquibase.changelog
INFO: Reading from petshop.DATABASECHANGELOG
Running Changeset: db/changelog/migrations/db.changelog-202503181803.sql::raw::includeAll
Mar 18, 2025 8:55:18 PM liquibase.changelog
INFO: Custom SQL executed
Mar 18, 2025 8:55:18 PM liquibase.changelog
INFO: ChangeSet db/changelog/migrations/db.changelog-202503181803.sql::raw::includeAll ran successfully in 992ms
Running Changeset: db/changelog/migrations/db.changelog-202503181808.sql::raw::includeAll
Mar 18, 2025 8:55:19 PM liquibase.changelog
INFO: Custom SQL executed
Mar 18, 2025 8:55:19 PM liquibase.changelog
INFO: ChangeSet db/changelog/migrations/db.changelog-202503181808.sql::raw::includeAll ran successfully in 797ms
Running Changeset: db/changelog/migrations/db.changelog-202503181811.sql::raw::includeAll
Mar 18, 2025 8:55:20 PM liquibase.changelog
INFO: Custom SQL executed
Mar 18, 2025 8:55:20 PM liquibase.changelog
INFO: ChangeSet db/changelog/migrations/db.changelog-202503181811.sql::raw::includeAll ran successfully in 780ms

UPDATE SUMMARY
Run:                          3
Previously run:               1
Filtered out:                 0
-------------------------------
Total change sets:            4

Mar 18, 2025 8:55:21 PM liquibase.util
INFO: UPDATE SUMMARY
Mar 18, 2025 8:55:21 PM liquibase.util
INFO: Run:                          3
Mar 18, 2025 8:55:21 PM liquibase.util
INFO: Previously run:               1
Mar 18, 2025 8:55:21 PM liquibase.util
INFO: Filtered out:                 0
Mar 18, 2025 8:55:21 PM liquibase.util
INFO: -------------------------------
Mar 18, 2025 8:55:21 PM liquibase.util
INFO: Total change sets:            4
Mar 18, 2025 8:55:21 PM liquibase.util
INFO: Update summary generated
Mar 18, 2025 8:55:21 PM liquibase.command
INFO: Update command completed successfully.
Liquibase: Update has been successful. Rows affected: 3
Mar 18, 2025 8:55:21 PM liquibase.lockservice
INFO: Successfully released change log lock
Mar 18, 2025 8:55:21 PM liquibase.command
INFO: Command execution complete
